2019-11-06 15:38:44,044 INFO  [restartedMain] FindtripApplication : Starting FindtripApplication on sc0938 with PID 9696 (C:\Users\alekot\Desktop\kotkovets\findtrip\target\classes started by alekot in C:\Users\alekot\Desktop\kotkovets\findtrip)
2019-11-06 15:38:44,048 INFO  [restartedMain] FindtripApplication : No active profile set, falling back to default profiles: default
2019-11-06 15:38:44,111 INFO  [restartedMain] org.springframework.boot.devtools.restart.ChangeableUrls : The Class-Path manifest attribute in C:\Users\alekot\.m2\repository\org\glassfish\jaxb\jaxb-runtime\2.3.2\jaxb-runtime-2.3.2.jar referenced one or more files that do not exist: file:/C:/Users/alekot/.m2/repository/org/glassfish/jaxb/jaxb-runtime/2.3.2/jakarta.xml.bind-api-2.3.2.jar,file:/C:/Users/alekot/.m2/repository/org/glassfish/jaxb/jaxb-runtime/2.3.2/txw2-2.3.2.jar,file:/C:/Users/alekot/.m2/repository/org/glassfish/jaxb/jaxb-runtime/2.3.2/istack-commons-runtime-3.0.8.jar,file:/C:/Users/alekot/.m2/repository/org/glassfish/jaxb/jaxb-runtime/2.3.2/stax-ex-1.8.1.jar,file:/C:/Users/alekot/.m2/repository/org/glassfish/jaxb/jaxb-runtime/2.3.2/FastInfoset-1.2.16.jar,file:/C:/Users/alekot/.m2/repository/org/glassfish/jaxb/jaxb-runtime/2.3.2/jakarta.activation-api-1.2.1.jar
2019-11-06 15:38:44,112 INFO  [restartedMain] org.springframework.boot.devtools.env.DevToolsPropertyDefaultsPostProcessor : Devtools property defaults active! Set 'spring.devtools.add-properties' to 'false' to disable
2019-11-06 15:38:44,112 INFO  [restartedMain] org.springframework.boot.devtools.env.DevToolsPropertyDefaultsPostProcessor : For additional web related logging consider setting the 'logging.level.web' property to 'DEBUG'
2019-11-06 15:38:44,806 INFO  [restartedMain] org.springframework.data.repository.config.RepositoryConfigurationDelegate : Bootstrapping Spring Data repositories in DEFAULT mode.
2019-11-06 15:38:44,917 INFO  [restartedMain] org.springframework.data.repository.config.RepositoryConfigurationDelegate : Finished Spring Data repository scanning in 103ms. Found 7 repository interfaces.
2019-11-06 15:38:45,219 INFO  [restartedMain] org.springframework.context.support.PostProcessorRegistrationDelegate$BeanPostProcessorChecker : Bean 'org.springframework.transaction.annotation.ProxyTransactionManagementConfiguration' of type [org.springframework.transaction.annotation.ProxyTransactionManagementConfiguration] is not eligible for getting processed by all BeanPostProcessors (for example: not eligible for auto-proxying)
2019-11-06 15:38:45,509 INFO  [restartedMain] org.springframework.boot.web.embedded.tomcat.TomcatWebServer : Tomcat initialized with port(s): 8080 (http)
2019-11-06 15:38:45,517 INFO  [restartedMain] org.apache.catalina.core.StandardService : Starting service [Tomcat]
2019-11-06 15:38:45,518 INFO  [restartedMain] org.apache.catalina.core.StandardEngine : Starting Servlet engine: [Apache Tomcat/9.0.27]
2019-11-06 15:38:45,519 INFO  [restartedMain] org.apache.catalina.core.AprLifecycleListener : An older version [1.2.21] of the APR based Apache Tomcat Native library is installed, while Tomcat recommends a minimum version of [1.2.23]
2019-11-06 15:38:45,520 INFO  [restartedMain] org.apache.catalina.core.AprLifecycleListener : Loaded APR based Apache Tomcat Native library [1.2.21] using APR version [1.6.5].
2019-11-06 15:38:45,521 INFO  [restartedMain] org.apache.catalina.core.AprLifecycleListener : APR capabilities: IPv6 [true], sendfile [true], accept filters [false], random [true].
2019-11-06 15:38:45,521 INFO  [restartedMain] org.apache.catalina.core.AprLifecycleListener : APR/OpenSSL configuration: useAprConnector [false], useOpenSSL [true]
2019-11-06 15:38:45,524 INFO  [restartedMain] org.apache.catalina.core.AprLifecycleListener : OpenSSL successfully initialized [OpenSSL 1.1.1a  20 Nov 2018]
2019-11-06 15:38:45,631 INFO  [restartedMain] org.apache.catalina.core.ContainerBase.[Tomcat].[localhost].[/] : Initializing Spring embedded WebApplicationContext
2019-11-06 15:38:46,011 INFO  [restartedMain] com.zaxxer.hikari.HikariDataSource : HikariPool-1 - Starting...
2019-11-06 15:38:46,102 INFO  [restartedMain] com.zaxxer.hikari.HikariDataSource : HikariPool-1 - Start completed.
2019-11-06 15:38:46,956 INFO  [restartedMain] org.springframework.orm.jpa.LocalContainerEntityManagerFactoryBean : Initialized JPA EntityManagerFactory for persistence unit 'default'
2019-11-06 15:38:47,372 WARN  [restartedMain] org.springframework.boot.autoconfigure.orm.jpa.JpaBaseConfiguration$JpaWebConfiguration : spring.jpa.open-in-view is enabled by default. Therefore, database queries may be performed during view rendering. Explicitly configure spring.jpa.open-in-view to disable this warning
2019-11-06 15:38:47,555 INFO  [restartedMain] org.springframework.scheduling.concurrent.ThreadPoolTaskExecutor : Initializing ExecutorService 'applicationTaskExecutor'
2019-11-06 15:38:47,672 WARN  [restartedMain] org.thymeleaf.templatemode.TemplateMode : [THYMELEAF][restartedMain] Template Mode 'LEGACYHTML5' is deprecated. Using Template Mode 'HTML' instead.
2019-11-06 15:38:47,769 INFO  [restartedMain] org.springframework.boot.devtools.autoconfigure.OptionalLiveReloadServer : LiveReload server is running on port 35729
2019-11-06 15:38:47,821 INFO  [restartedMain] org.springframework.boot.web.embedded.tomcat.TomcatWebServer : Tomcat started on port(s): 8080 (http) with context path ''
2019-11-06 15:38:47,825 INFO  [restartedMain] FindtripApplication : Started FindtripApplication in 4.281 seconds (JVM running for 5.339)
2019-11-06 15:39:28,581 INFO  [http-nio-8080-exec-1] org.apache.catalina.core.ContainerBase.[Tomcat].[localhost].[/] : Initializing Spring DispatcherServlet 'dispatcherServlet'
2019-11-06 15:39:32,986 INFO  [http-nio-8080-exec-2] UserController : Show registration form by admin
2019-11-06 15:40:57,580 INFO  [restartedMain] FindtripApplication : Starting FindtripApplication on sc0938 with PID 9116 (C:\Users\alekot\Desktop\kotkovets\findtrip\target\classes started by alekot in C:\Users\alekot\Desktop\kotkovets\findtrip)
2019-11-06 15:40:57,583 INFO  [restartedMain] FindtripApplication : No active profile set, falling back to default profiles: default
2019-11-06 15:40:57,630 INFO  [restartedMain] org.springframework.boot.devtools.restart.ChangeableUrls : The Class-Path manifest attribute in C:\Users\alekot\.m2\repository\org\glassfish\jaxb\jaxb-runtime\2.3.2\jaxb-runtime-2.3.2.jar referenced one or more files that do not exist: file:/C:/Users/alekot/.m2/repository/org/glassfish/jaxb/jaxb-runtime/2.3.2/jakarta.xml.bind-api-2.3.2.jar,file:/C:/Users/alekot/.m2/repository/org/glassfish/jaxb/jaxb-runtime/2.3.2/txw2-2.3.2.jar,file:/C:/Users/alekot/.m2/repository/org/glassfish/jaxb/jaxb-runtime/2.3.2/istack-commons-runtime-3.0.8.jar,file:/C:/Users/alekot/.m2/repository/org/glassfish/jaxb/jaxb-runtime/2.3.2/stax-ex-1.8.1.jar,file:/C:/Users/alekot/.m2/repository/org/glassfish/jaxb/jaxb-runtime/2.3.2/FastInfoset-1.2.16.jar,file:/C:/Users/alekot/.m2/repository/org/glassfish/jaxb/jaxb-runtime/2.3.2/jakarta.activation-api-1.2.1.jar
2019-11-06 15:40:57,630 INFO  [restartedMain] org.springframework.boot.devtools.env.DevToolsPropertyDefaultsPostProcessor : Devtools property defaults active! Set 'spring.devtools.add-properties' to 'false' to disable
2019-11-06 15:40:57,630 INFO  [restartedMain] org.springframework.boot.devtools.env.DevToolsPropertyDefaultsPostProcessor : For additional web related logging consider setting the 'logging.level.web' property to 'DEBUG'
2019-11-06 15:40:58,250 INFO  [restartedMain] org.springframework.data.repository.config.RepositoryConfigurationDelegate : Bootstrapping Spring Data repositories in DEFAULT mode.
2019-11-06 15:40:58,349 INFO  [restartedMain] org.springframework.data.repository.config.RepositoryConfigurationDelegate : Finished Spring Data repository scanning in 92ms. Found 7 repository interfaces.
2019-11-06 15:40:58,617 INFO  [restartedMain] org.springframework.context.support.PostProcessorRegistrationDelegate$BeanPostProcessorChecker : Bean 'org.springframework.transaction.annotation.ProxyTransactionManagementConfiguration' of type [org.springframework.transaction.annotation.ProxyTransactionManagementConfiguration] is not eligible for getting processed by all BeanPostProcessors (for example: not eligible for auto-proxying)
2019-11-06 15:40:58,930 INFO  [restartedMain] org.springframework.boot.web.embedded.tomcat.TomcatWebServer : Tomcat initialized with port(s): 8080 (http)
2019-11-06 15:40:58,939 INFO  [restartedMain] org.apache.catalina.core.StandardService : Starting service [Tomcat]
2019-11-06 15:40:58,939 INFO  [restartedMain] org.apache.catalina.core.StandardEngine : Starting Servlet engine: [Apache Tomcat/9.0.27]
2019-11-06 15:40:58,941 INFO  [restartedMain] org.apache.catalina.core.AprLifecycleListener : An older version [1.2.21] of the APR based Apache Tomcat Native library is installed, while Tomcat recommends a minimum version of [1.2.23]
2019-11-06 15:40:58,942 INFO  [restartedMain] org.apache.catalina.core.AprLifecycleListener : Loaded APR based Apache Tomcat Native library [1.2.21] using APR version [1.6.5].
2019-11-06 15:40:58,942 INFO  [restartedMain] org.apache.catalina.core.AprLifecycleListener : APR capabilities: IPv6 [true], sendfile [true], accept filters [false], random [true].
2019-11-06 15:40:58,943 INFO  [restartedMain] org.apache.catalina.core.AprLifecycleListener : APR/OpenSSL configuration: useAprConnector [false], useOpenSSL [true]
2019-11-06 15:40:58,946 INFO  [restartedMain] org.apache.catalina.core.AprLifecycleListener : OpenSSL successfully initialized [OpenSSL 1.1.1a  20 Nov 2018]
2019-11-06 15:40:59,054 INFO  [restartedMain] org.apache.catalina.core.ContainerBase.[Tomcat].[localhost].[/] : Initializing Spring embedded WebApplicationContext
2019-11-06 15:40:59,428 INFO  [restartedMain] com.zaxxer.hikari.HikariDataSource : HikariPool-1 - Starting...
2019-11-06 15:40:59,528 INFO  [restartedMain] com.zaxxer.hikari.HikariDataSource : HikariPool-1 - Start completed.
2019-11-06 15:41:00,366 INFO  [restartedMain] org.springframework.orm.jpa.LocalContainerEntityManagerFactoryBean : Initialized JPA EntityManagerFactory for persistence unit 'default'
2019-11-06 15:41:00,776 WARN  [restartedMain] org.springframework.boot.autoconfigure.orm.jpa.JpaBaseConfiguration$JpaWebConfiguration : spring.jpa.open-in-view is enabled by default. Therefore, database queries may be performed during view rendering. Explicitly configure spring.jpa.open-in-view to disable this warning
2019-11-06 15:41:00,961 INFO  [restartedMain] org.springframework.scheduling.concurrent.ThreadPoolTaskExecutor : Initializing ExecutorService 'applicationTaskExecutor'
2019-11-06 15:41:01,087 WARN  [restartedMain] org.thymeleaf.templatemode.TemplateMode : [THYMELEAF][restartedMain] Template Mode 'LEGACYHTML5' is deprecated. Using Template Mode 'HTML' instead.
2019-11-06 15:41:01,190 INFO  [restartedMain] org.springframework.boot.devtools.autoconfigure.OptionalLiveReloadServer : LiveReload server is running on port 35729
2019-11-06 15:41:01,242 INFO  [restartedMain] org.springframework.boot.web.embedded.tomcat.TomcatWebServer : Tomcat started on port(s): 8080 (http) with context path ''
2019-11-06 15:41:01,246 INFO  [restartedMain] FindtripApplication : Started FindtripApplication in 4.119 seconds (JVM running for 5.067)
2019-11-06 15:42:15,518 INFO  [restartedMain] FindtripApplication : Starting FindtripApplication on sc0938 with PID 1372 (C:\Users\alekot\Desktop\kotkovets\findtrip\target\classes started by alekot in C:\Users\alekot\Desktop\kotkovets\findtrip)
2019-11-06 15:42:15,523 INFO  [restartedMain] FindtripApplication : No active profile set, falling back to default profiles: default
2019-11-06 15:42:15,595 INFO  [restartedMain] org.springframework.boot.devtools.restart.ChangeableUrls : The Class-Path manifest attribute in C:\Users\alekot\.m2\repository\org\glassfish\jaxb\jaxb-runtime\2.3.2\jaxb-runtime-2.3.2.jar referenced one or more files that do not exist: file:/C:/Users/alekot/.m2/repository/org/glassfish/jaxb/jaxb-runtime/2.3.2/jakarta.xml.bind-api-2.3.2.jar,file:/C:/Users/alekot/.m2/repository/org/glassfish/jaxb/jaxb-runtime/2.3.2/txw2-2.3.2.jar,file:/C:/Users/alekot/.m2/repository/org/glassfish/jaxb/jaxb-runtime/2.3.2/istack-commons-runtime-3.0.8.jar,file:/C:/Users/alekot/.m2/repository/org/glassfish/jaxb/jaxb-runtime/2.3.2/stax-ex-1.8.1.jar,file:/C:/Users/alekot/.m2/repository/org/glassfish/jaxb/jaxb-runtime/2.3.2/FastInfoset-1.2.16.jar,file:/C:/Users/alekot/.m2/repository/org/glassfish/jaxb/jaxb-runtime/2.3.2/jakarta.activation-api-1.2.1.jar
2019-11-06 15:42:15,595 INFO  [restartedMain] org.springframework.boot.devtools.env.DevToolsPropertyDefaultsPostProcessor : Devtools property defaults active! Set 'spring.devtools.add-properties' to 'false' to disable
2019-11-06 15:42:15,595 INFO  [restartedMain] org.springframework.boot.devtools.env.DevToolsPropertyDefaultsPostProcessor : For additional web related logging consider setting the 'logging.level.web' property to 'DEBUG'
2019-11-06 15:42:16,442 INFO  [restartedMain] org.springframework.data.repository.config.RepositoryConfigurationDelegate : Bootstrapping Spring Data repositories in DEFAULT mode.
2019-11-06 15:42:16,571 INFO  [restartedMain] org.springframework.data.repository.config.RepositoryConfigurationDelegate : Finished Spring Data repository scanning in 119ms. Found 7 repository interfaces.
2019-11-06 15:42:16,917 INFO  [restartedMain] org.springframework.context.support.PostProcessorRegistrationDelegate$BeanPostProcessorChecker : Bean 'org.springframework.transaction.annotation.ProxyTransactionManagementConfiguration' of type [org.springframework.transaction.annotation.ProxyTransactionManagementConfiguration] is not eligible for getting processed by all BeanPostProcessors (for example: not eligible for auto-proxying)
2019-11-06 15:42:17,242 INFO  [restartedMain] org.springframework.boot.web.embedded.tomcat.TomcatWebServer : Tomcat initialized with port(s): 8080 (http)
2019-11-06 15:42:17,251 INFO  [restartedMain] org.apache.catalina.core.StandardService : Starting service [Tomcat]
2019-11-06 15:42:17,251 INFO  [restartedMain] org.apache.catalina.core.StandardEngine : Starting Servlet engine: [Apache Tomcat/9.0.27]
2019-11-06 15:42:17,254 INFO  [restartedMain] org.apache.catalina.core.AprLifecycleListener : An older version [1.2.21] of the APR based Apache Tomcat Native library is installed, while Tomcat recommends a minimum version of [1.2.23]
2019-11-06 15:42:17,255 INFO  [restartedMain] org.apache.catalina.core.AprLifecycleListener : Loaded APR based Apache Tomcat Native library [1.2.21] using APR version [1.6.5].
2019-11-06 15:42:17,255 INFO  [restartedMain] org.apache.catalina.core.AprLifecycleListener : APR capabilities: IPv6 [true], sendfile [true], accept filters [false], random [true].
2019-11-06 15:42:17,255 INFO  [restartedMain] org.apache.catalina.core.AprLifecycleListener : APR/OpenSSL configuration: useAprConnector [false], useOpenSSL [true]
2019-11-06 15:42:17,259 INFO  [restartedMain] org.apache.catalina.core.AprLifecycleListener : OpenSSL successfully initialized [OpenSSL 1.1.1a  20 Nov 2018]
2019-11-06 15:42:17,379 INFO  [restartedMain] org.apache.catalina.core.ContainerBase.[Tomcat].[localhost].[/] : Initializing Spring embedded WebApplicationContext
2019-11-06 15:42:18,032 INFO  [restartedMain] com.zaxxer.hikari.HikariDataSource : HikariPool-1 - Starting...
2019-11-06 15:42:18,272 INFO  [restartedMain] com.zaxxer.hikari.HikariDataSource : HikariPool-1 - Start completed.
2019-11-06 15:42:19,584 INFO  [restartedMain] org.springframework.orm.jpa.LocalContainerEntityManagerFactoryBean : Initialized JPA EntityManagerFactory for persistence unit 'default'
2019-11-06 15:42:20,012 WARN  [restartedMain] org.springframework.boot.autoconfigure.orm.jpa.JpaBaseConfiguration$JpaWebConfiguration : spring.jpa.open-in-view is enabled by default. Therefore, database queries may be performed during view rendering. Explicitly configure spring.jpa.open-in-view to disable this warning
2019-11-06 15:42:20,203 INFO  [restartedMain] org.springframework.scheduling.concurrent.ThreadPoolTaskExecutor : Initializing ExecutorService 'applicationTaskExecutor'
2019-11-06 15:42:20,332 WARN  [restartedMain] org.thymeleaf.templatemode.TemplateMode : [THYMELEAF][restartedMain] Template Mode 'LEGACYHTML5' is deprecated. Using Template Mode 'HTML' instead.
2019-11-06 15:42:20,439 INFO  [restartedMain] org.springframework.boot.devtools.autoconfigure.OptionalLiveReloadServer : LiveReload server is running on port 35729
2019-11-06 15:42:20,491 INFO  [restartedMain] org.springframework.boot.web.embedded.tomcat.TomcatWebServer : Tomcat started on port(s): 8080 (http) with context path ''
2019-11-06 15:42:20,495 INFO  [restartedMain] FindtripApplication : Started FindtripApplication in 5.516 seconds (JVM running for 7.13)
2019-11-06 15:42:26,954 INFO  [http-nio-8080-exec-1] org.apache.catalina.core.ContainerBase.[Tomcat].[localhost].[/] : Initializing Spring DispatcherServlet 'dispatcherServlet'
2019-11-06 15:42:26,996 INFO  [http-nio-8080-exec-1] UserController : Show registration form by admin
2019-11-06 15:44:16,485 INFO  [restartedMain] FindtripApplication : Starting FindtripApplication on sc0938 with PID 4964 (C:\Users\alekot\Desktop\kotkovets\findtrip\target\classes started by alekot in C:\Users\alekot\Desktop\kotkovets\findtrip)
2019-11-06 15:44:16,489 INFO  [restartedMain] FindtripApplication : No active profile set, falling back to default profiles: default
2019-11-06 15:44:16,553 INFO  [restartedMain] org.springframework.boot.devtools.restart.ChangeableUrls : The Class-Path manifest attribute in C:\Users\alekot\.m2\repository\org\glassfish\jaxb\jaxb-runtime\2.3.2\jaxb-runtime-2.3.2.jar referenced one or more files that do not exist: file:/C:/Users/alekot/.m2/repository/org/glassfish/jaxb/jaxb-runtime/2.3.2/jakarta.xml.bind-api-2.3.2.jar,file:/C:/Users/alekot/.m2/repository/org/glassfish/jaxb/jaxb-runtime/2.3.2/txw2-2.3.2.jar,file:/C:/Users/alekot/.m2/repository/org/glassfish/jaxb/jaxb-runtime/2.3.2/istack-commons-runtime-3.0.8.jar,file:/C:/Users/alekot/.m2/repository/org/glassfish/jaxb/jaxb-runtime/2.3.2/stax-ex-1.8.1.jar,file:/C:/Users/alekot/.m2/repository/org/glassfish/jaxb/jaxb-runtime/2.3.2/FastInfoset-1.2.16.jar,file:/C:/Users/alekot/.m2/repository/org/glassfish/jaxb/jaxb-runtime/2.3.2/jakarta.activation-api-1.2.1.jar
2019-11-06 15:44:16,553 INFO  [restartedMain] org.springframework.boot.devtools.env.DevToolsPropertyDefaultsPostProcessor : Devtools property defaults active! Set 'spring.devtools.add-properties' to 'false' to disable
2019-11-06 15:44:16,553 INFO  [restartedMain] org.springframework.boot.devtools.env.DevToolsPropertyDefaultsPostProcessor : For additional web related logging consider setting the 'logging.level.web' property to 'DEBUG'
2019-11-06 15:44:17,202 INFO  [restartedMain] org.springframework.data.repository.config.RepositoryConfigurationDelegate : Bootstrapping Spring Data repositories in DEFAULT mode.
2019-11-06 15:44:17,299 INFO  [restartedMain] org.springframework.data.repository.config.RepositoryConfigurationDelegate : Finished Spring Data repository scanning in 90ms. Found 7 repository interfaces.
2019-11-06 15:44:17,565 INFO  [restartedMain] org.springframework.context.support.PostProcessorRegistrationDelegate$BeanPostProcessorChecker : Bean 'org.springframework.transaction.annotation.ProxyTransactionManagementConfiguration' of type [org.springframework.transaction.annotation.ProxyTransactionManagementConfiguration] is not eligible for getting processed by all BeanPostProcessors (for example: not eligible for auto-proxying)
2019-11-06 15:44:17,888 INFO  [restartedMain] org.springframework.boot.web.embedded.tomcat.TomcatWebServer : Tomcat initialized with port(s): 8080 (http)
2019-11-06 15:44:17,897 INFO  [restartedMain] org.apache.catalina.core.StandardService : Starting service [Tomcat]
2019-11-06 15:44:17,898 INFO  [restartedMain] org.apache.catalina.core.StandardEngine : Starting Servlet engine: [Apache Tomcat/9.0.27]
2019-11-06 15:44:17,900 INFO  [restartedMain] org.apache.catalina.core.AprLifecycleListener : An older version [1.2.21] of the APR based Apache Tomcat Native library is installed, while Tomcat recommends a minimum version of [1.2.23]
2019-11-06 15:44:17,901 INFO  [restartedMain] org.apache.catalina.core.AprLifecycleListener : Loaded APR based Apache Tomcat Native library [1.2.21] using APR version [1.6.5].
2019-11-06 15:44:17,901 INFO  [restartedMain] org.apache.catalina.core.AprLifecycleListener : APR capabilities: IPv6 [true], sendfile [true], accept filters [false], random [true].
2019-11-06 15:44:17,902 INFO  [restartedMain] org.apache.catalina.core.AprLifecycleListener : APR/OpenSSL configuration: useAprConnector [false], useOpenSSL [true]
2019-11-06 15:44:17,906 INFO  [restartedMain] org.apache.catalina.core.AprLifecycleListener : OpenSSL successfully initialized [OpenSSL 1.1.1a  20 Nov 2018]
2019-11-06 15:44:18,021 INFO  [restartedMain] org.apache.catalina.core.ContainerBase.[Tomcat].[localhost].[/] : Initializing Spring embedded WebApplicationContext
2019-11-06 15:44:18,403 INFO  [restartedMain] com.zaxxer.hikari.HikariDataSource : HikariPool-1 - Starting...
2019-11-06 15:44:18,495 INFO  [restartedMain] com.zaxxer.hikari.HikariDataSource : HikariPool-1 - Start completed.
2019-11-06 15:44:19,339 INFO  [restartedMain] org.springframework.orm.jpa.LocalContainerEntityManagerFactoryBean : Initialized JPA EntityManagerFactory for persistence unit 'default'
2019-11-06 15:44:19,743 WARN  [restartedMain] org.springframework.boot.autoconfigure.orm.jpa.JpaBaseConfiguration$JpaWebConfiguration : spring.jpa.open-in-view is enabled by default. Therefore, database queries may be performed during view rendering. Explicitly configure spring.jpa.open-in-view to disable this warning
2019-11-06 15:44:19,920 INFO  [restartedMain] org.springframework.scheduling.concurrent.ThreadPoolTaskExecutor : Initializing ExecutorService 'applicationTaskExecutor'
2019-11-06 15:44:20,135 INFO  [restartedMain] org.springframework.boot.devtools.autoconfigure.OptionalLiveReloadServer : LiveReload server is running on port 35729
2019-11-06 15:44:20,183 INFO  [restartedMain] org.springframework.boot.web.embedded.tomcat.TomcatWebServer : Tomcat started on port(s): 8080 (http) with context path ''
2019-11-06 15:44:20,188 INFO  [restartedMain] FindtripApplication : Started FindtripApplication in 4.198 seconds (JVM running for 5.371)
2019-11-06 15:44:26,019 INFO  [http-nio-8080-exec-1] org.apache.catalina.core.ContainerBase.[Tomcat].[localhost].[/] : Initializing Spring DispatcherServlet 'dispatcherServlet'
2019-11-06 15:44:26,052 INFO  [http-nio-8080-exec-1] UserController : Show registration form by admin
